<?xml version="1.0" encoding="UTF-8"?>
<!-- Generated by org.testng.reporters.JUnitXMLReporter -->
<testsuite ignored="4" hostname="Gayathri" failures="0" tests="6" name="Test001" time="45.478" errors="0" timestamp="2024-06-09T15:27:24 IST">
  <testcase classname="pagetests.LoginPageTest" name="launchURL" time="19.918"/>
  <testcase classname="pagetests.LoginPageTest" name="testLogin" time="6.16"/>
  <testcase classname="pagetests.HomePageTest" name="testallMenu" time="0.248"/>
  <testcase classname="pagetests.HomePageTest" name="testFilterOfNavigator" time="4.126"/>
  <testcase classname="pagetests.IncidentPageTest" name="testCreateNewIncident" time="9.731"/>
  <testcase classname="pagetests.IncidentPageTest" name="testSubmitIncident" time="3.453"/>
  <testcase classname="basetest.BaseTest" name="@BeforeSuite setUp" time="0.0">
    <ignored/>
  </testcase> <!-- @BeforeSuite setUp -->
  <testcase classname="basetest.BaseTest" name="@AfterSuite tearDown" time="0.0">
    <ignored/>
  </testcase> <!-- @AfterSuite tearDown -->
  <testcase classname="basetest.BaseTest" name="@BeforeSuite setUp" time="0.0">
    <ignored/>
  </testcase> <!-- @BeforeSuite setUp -->
  <testcase classname="basetest.BaseTest" name="@AfterSuite tearDown" time="0.0">
    <ignored/>
  </testcase> <!-- @AfterSuite tearDown -->
</testsuite> <!-- Test001 -->
