<?xml version="1.0" encoding="UTF-8"?>
<testng-results ignored="0" total="6" passed="6" failed="0" skipped="0">
  <reporter-output>
  </reporter-output>
  <suite started-at="2024-06-09T15:26:38 IST" name="Suite001" finished-at="2024-06-09T15:27:24 IST" duration-ms="45478">
    <groups>
      <group name="smoke">
        <method signature="LoginPageTest.launchURL()[pri:1, instance:pagetests.LoginPageTest@2dcd168a]" name="launchURL" class="pagetests.LoginPageTest"/>
      </group> <!-- smoke -->
      <group name="sanity">
        <method signature="LoginPageTest.launchURL()[pri:1, instance:pagetests.LoginPageTest@2dcd168a]" name="launchURL" class="pagetests.LoginPageTest"/>
        <method signature="LoginPageTest.testLogin()[pri:2, instance:pagetests.LoginPageTest@2dcd168a]" name="testLogin" class="pagetests.LoginPageTest"/>
      </group> <!-- sanity -->
      <group name="positive">
        <method signature="LoginPageTest.launchURL()[pri:1, instance:pagetests.LoginPageTest@2dcd168a]" name="launchURL" class="pagetests.LoginPageTest"/>
        <method signature="LoginPageTest.testLogin()[pri:2, instance:pagetests.LoginPageTest@2dcd168a]" name="testLogin" class="pagetests.LoginPageTest"/>
        <method signature="HomePageTest.testallMenu()[pri:3, instance:pagetests.HomePageTest@62ef27a8]" name="testallMenu" class="pagetests.HomePageTest"/>
        <method signature="HomePageTest.testFilterOfNavigator()[pri:4, instance:pagetests.HomePageTest@62ef27a8]" name="testFilterOfNavigator" class="pagetests.HomePageTest"/>
        <method signature="IncidentPageTest.testCreateNewIncident()[pri:5, instance:pagetests.IncidentPageTest@6436a7db]" name="testCreateNewIncident" class="pagetests.IncidentPageTest"/>
        <method signature="IncidentPageTest.testSubmitIncident()[pri:6, instance:pagetests.IncidentPageTest@6436a7db]" name="testSubmitIncident" class="pagetests.IncidentPageTest"/>
      </group> <!-- positive -->
    </groups>
    <test started-at="2024-06-09T15:26:38 IST" name="Test001" finished-at="2024-06-09T15:27:24 IST" duration-ms="45478">
      <class name="pagetests.HomePageTest">
        <test-method signature="testallMenu()[pri:3, instance:pagetests.HomePageTest@62ef27a8]" started-at="2024-06-09T15:27:05 IST" name="testallMenu" finished-at="2024-06-09T15:27:05 IST" duration-ms="248" status="PASS">
          <reporter-output>
          </reporter-output>
        </test-method> <!-- testallMenu -->
        <test-method is-config="true" signature="resultCheck(org.testng.ITestResult)[pri:0, instance:pagetests.HomePageTest@62ef27a8]" started-at="2024-06-09T15:27:05 IST" name="resultCheck" finished-at="2024-06-09T15:27:06 IST" duration-ms="700" status="PASS">
          <params>
            <param index="0">
              <value>
                <![CDATA[[TestResult name=testallMenu status=SUCCESS method=HomePageTest.testallMenu()[pri:3, instance:pagetests.HomePageTest@62ef27a8] output={null}]]]>
              </value>
            </param>
          </params>
          <reporter-output>
          </reporter-output>
        </test-method> <!-- resultCheck -->
        <test-method signature="testFilterOfNavigator()[pri:4, instance:pagetests.HomePageTest@62ef27a8]" started-at="2024-06-09T15:27:06 IST" name="testFilterOfNavigator" finished-at="2024-06-09T15:27:10 IST" duration-ms="4126" status="PASS">
          <reporter-output>
          </reporter-output>
        </test-method> <!-- testFilterOfNavigator -->
        <test-method is-config="true" signature="resultCheck(org.testng.ITestResult)[pri:0, instance:pagetests.HomePageTest@62ef27a8]" started-at="2024-06-09T15:27:10 IST" name="resultCheck" finished-at="2024-06-09T15:27:10 IST" duration-ms="180" status="PASS">
          <params>
            <param index="0">
              <value>
                <![CDATA[[TestResult name=testFilterOfNavigator status=SUCCESS method=HomePageTest.testFilterOfNavigator()[pri:4, instance:pagetests.HomePageTest@62ef27a8] output={null}]]]>
              </value>
            </param>
          </params>
          <reporter-output>
          </reporter-output>
        </test-method> <!-- resultCheck -->
      </class> <!-- pagetests.HomePageTest -->
      <class name="pagetests.LoginPageTest">
        <test-method is-config="true" signature="setUp()[pri:0, instance:pagetests.LoginPageTest@2dcd168a]" started-at="2024-06-09T15:26:34 IST" name="setUp" finished-at="2024-06-09T15:26:38 IST" duration-ms="4176" status="PASS">
          <reporter-output>
          </reporter-output>
        </test-method> <!-- setUp -->
        <test-method signature="launchURL()[pri:1, instance:pagetests.LoginPageTest@2dcd168a]" started-at="2024-06-09T15:26:38 IST" name="launchURL" finished-at="2024-06-09T15:26:58 IST" duration-ms="19918" status="PASS">
          <reporter-output>
          </reporter-output>
        </test-method> <!-- launchURL -->
        <test-method is-config="true" signature="resultCheck(org.testng.ITestResult)[pri:0, instance:pagetests.LoginPageTest@2dcd168a]" started-at="2024-06-09T15:26:58 IST" name="resultCheck" finished-at="2024-06-09T15:26:58 IST" duration-ms="223" status="PASS">
          <params>
            <param index="0">
              <value>
                <![CDATA[[TestResult name=launchURL status=SUCCESS method=LoginPageTest.launchURL()[pri:1, instance:pagetests.LoginPageTest@2dcd168a] output={null}]]]>
              </value>
            </param>
          </params>
          <reporter-output>
          </reporter-output>
        </test-method> <!-- resultCheck -->
        <test-method signature="testLogin()[pri:2, instance:pagetests.LoginPageTest@2dcd168a]" started-at="2024-06-09T15:26:58 IST" name="testLogin" finished-at="2024-06-09T15:27:05 IST" duration-ms="6160" status="PASS">
          <reporter-output>
          </reporter-output>
        </test-method> <!-- testLogin -->
        <test-method is-config="true" signature="resultCheck(org.testng.ITestResult)[pri:0, instance:pagetests.LoginPageTest@2dcd168a]" started-at="2024-06-09T15:27:05 IST" name="resultCheck" finished-at="2024-06-09T15:27:05 IST" duration-ms="270" status="PASS">
          <params>
            <param index="0">
              <value>
                <![CDATA[[TestResult name=testLogin status=SUCCESS method=LoginPageTest.testLogin()[pri:2, instance:pagetests.LoginPageTest@2dcd168a] output={null}]]]>
              </value>
            </param>
          </params>
          <reporter-output>
          </reporter-output>
        </test-method> <!-- resultCheck -->
        <test-method is-config="true" signature="tearDown()[pri:0, instance:pagetests.LoginPageTest@2dcd168a]" started-at="2024-06-09T15:27:24 IST" name="tearDown" finished-at="2024-06-09T15:27:25 IST" duration-ms="835" status="PASS">
          <reporter-output>
          </reporter-output>
        </test-method> <!-- tearDown -->
      </class> <!-- pagetests.LoginPageTest -->
      <class name="pagetests.IncidentPageTest">
        <test-method signature="testCreateNewIncident()[pri:5, instance:pagetests.IncidentPageTest@6436a7db]" started-at="2024-06-09T15:27:10 IST" name="testCreateNewIncident" finished-at="2024-06-09T15:27:20 IST" duration-ms="9731" status="PASS">
          <reporter-output>
          </reporter-output>
        </test-method> <!-- testCreateNewIncident -->
        <test-method is-config="true" signature="resultCheck(org.testng.ITestResult)[pri:0, instance:pagetests.IncidentPageTest@6436a7db]" started-at="2024-06-09T15:27:20 IST" name="resultCheck" finished-at="2024-06-09T15:27:20 IST" duration-ms="167" status="PASS">
          <params>
            <param index="0">
              <value>
                <![CDATA[[TestResult name=testCreateNewIncident status=SUCCESS method=IncidentPageTest.testCreateNewIncident()[pri:5, instance:pagetests.IncidentPageTest@6436a7db] output={null}]]]>
              </value>
            </param>
          </params>
          <reporter-output>
          </reporter-output>
        </test-method> <!-- resultCheck -->
        <test-method signature="testSubmitIncident()[pri:6, instance:pagetests.IncidentPageTest@6436a7db]" started-at="2024-06-09T15:27:20 IST" name="testSubmitIncident" finished-at="2024-06-09T15:27:23 IST" duration-ms="3453" status="PASS">
          <reporter-output>
          </reporter-output>
        </test-method> <!-- testSubmitIncident -->
        <test-method is-config="true" signature="resultCheck(org.testng.ITestResult)[pri:0, instance:pagetests.IncidentPageTest@6436a7db]" started-at="2024-06-09T15:27:23 IST" name="resultCheck" finished-at="2024-06-09T15:27:24 IST" duration-ms="216" status="PASS">
          <params>
            <param index="0">
              <value>
                <![CDATA[[TestResult name=testSubmitIncident status=SUCCESS method=IncidentPageTest.testSubmitIncident()[pri:6, instance:pagetests.IncidentPageTest@6436a7db] output={null}]]]>
              </value>
            </param>
          </params>
          <reporter-output>
          </reporter-output>
        </test-method> <!-- resultCheck -->
      </class> <!-- pagetests.IncidentPageTest -->
    </test> <!-- Test001 -->
  </suite> <!-- Suite001 -->
</testng-results>
